ERROR StackTrace - Full Stack Trace:
java.lang.reflect.InvocationTargetException: null
	at sun.reflect.NativeMethodAccessorImpl.invoke0(Native Method)
	at sun.reflect.NativeMethodAccessorImpl.invoke(NativeMethodAccessorImpl.java:62)
	at sun.reflect.DelegatingMethodAccessorImpl.invoke(DelegatingMethodAccessorImpl.java:43)
	at java.lang.reflect.Method.invoke(Method.java:498)
	at org.springsource.loaded.ri.ReloadedTypeInvoker$2.invoke(ReloadedTypeInvoker.java:133)
	at org.springsource.loaded.ri.ReflectiveInterceptor.jlrMethodInvoke(ReflectiveInterceptor.java:1461)
	at org.grails.core.DefaultGrailsControllerClass$ReflectionInvoker.invoke(DefaultGrailsControllerClass.java:211)
	at org.grails.core.DefaultGrailsControllerClass.invoke(DefaultGrailsControllerClass.java:188)
	at org.grails.web.mapping.mvc.UrlMappingsInfoHandlerAdapter.handle(UrlMappingsInfoHandlerAdapter.groovy:90)
	at org.springframework.web.servlet.DispatcherServlet.doDispatch(DispatcherServlet.java:963)
	at org.springframework.web.servlet.DispatcherServlet.doService(DispatcherServlet.java:897)
	at org.springframework.web.servlet.FrameworkServlet.processRequest(FrameworkServlet.java:970)
	at org.springframework.web.servlet.FrameworkServlet.doGet(FrameworkServlet.java:861)
	at javax.servlet.http.HttpServlet.service(HttpServlet.java:622)
	at org.springframework.web.servlet.FrameworkServlet.service(FrameworkServlet.java:846)
	at javax.servlet.http.HttpServlet.service(HttpServlet.java:729)
	at org.apache.catalina.core.ApplicationFilterChain.internalDoFilter(ApplicationFilterChain.java:230)
	at org.apache.catalina.core.ApplicationFilterChain.doFilter(ApplicationFilterChain.java:165)
	at org.apache.tomcat.websocket.server.WsFilter.doFilter(WsFilter.java:52)
	at org.apache.catalina.core.ApplicationFilterChain.internalDoFilter(ApplicationFilterChain.java:192)
	at org.apache.catalina.core.ApplicationFilterChain.doFilter(ApplicationFilterChain.java:165)
	at org.springframework.boot.web.filter.ApplicationContextHeaderFilter.doFilterInternal(ApplicationContextHeaderFilter.java:55)
	at org.springframework.web.filter.OncePerRequestFilter.doFilter(OncePerRequestFilter.java:107)
	at org.apache.catalina.core.ApplicationFilterChain.internalDoFilter(ApplicationFilterChain.java:192)
	at org.apache.catalina.core.ApplicationFilterChain.doFilter(ApplicationFilterChain.java:165)
	at org.springframework.boot.actuate.trace.WebRequestTraceFilter.doFilterInternal(WebRequestTraceFilter.java:105)
	at org.springframework.web.filter.OncePerRequestFilter.doFilter(OncePerRequestFilter.java:107)
	at org.apache.catalina.core.ApplicationFilterChain.internalDoFilter(ApplicationFilterChain.java:192)
	at org.apache.catalina.core.ApplicationFilterChain.doFilter(ApplicationFilterChain.java:165)
	at org.grails.web.servlet.mvc.GrailsWebRequestFilter.doFilterInternal(GrailsWebRequestFilter.java:77)
	at org.springframework.web.filter.OncePerRequestFilter.doFilter(OncePerRequestFilter.java:107)
	at org.apache.catalina.core.ApplicationFilterChain.internalDoFilter(ApplicationFilterChain.java:192)
	at org.apache.catalina.core.ApplicationFilterChain.doFilter(ApplicationFilterChain.java:165)
	at org.grails.web.filters.HiddenHttpMethodFilter.doFilterInternal(HiddenHttpMethodFilter.java:67)
	at org.springframework.web.filter.OncePerRequestFilter.doFilter(OncePerRequestFilter.java:107)
	at org.apache.catalina.core.ApplicationFilterChain.internalDoFilter(ApplicationFilterChain.java:192)
	at org.apache.catalina.core.ApplicationFilterChain.doFilter(ApplicationFilterChain.java:165)
	at org.springframework.web.filter.CharacterEncodingFilter.doFilterInternal(CharacterEncodingFilter.java:197)
	at org.springframework.web.filter.OncePerRequestFilter.doFilter(OncePerRequestFilter.java:107)
	at org.apache.catalina.core.ApplicationFilterChain.internalDoFilter(ApplicationFilterChain.java:192)
	at org.apache.catalina.core.ApplicationFilterChain.doFilter(ApplicationFilterChain.java:165)
	at org.springframework.web.filter.CorsFilter.doFilterInternal(CorsFilter.java:96)
	at org.springframework.web.filter.OncePerRequestFilter.doFilter(OncePerRequestFilter.java:107)
	at org.apache.catalina.core.ApplicationFilterChain.internalDoFilter(ApplicationFilterChain.java:192)
	at org.apache.catalina.core.ApplicationFilterChain.doFilter(ApplicationFilterChain.java:165)
	at org.springframework.boot.actuate.autoconfigure.MetricsFilter.doFilterInternal(MetricsFilter.java:106)
	at org.springframework.web.filter.OncePerRequestFilter.doFilter(OncePerRequestFilter.java:107)
	at org.apache.catalina.core.ApplicationFilterChain.internalDoFilter(ApplicationFilterChain.java:192)
	at org.apache.catalina.core.ApplicationFilterChain.doFilter(ApplicationFilterChain.java:165)
	at org.apache.catalina.core.StandardWrapperValve.invoke(StandardWrapperValve.java:198)
	at org.apache.catalina.core.StandardContextValve.invoke(StandardContextValve.java:96)
	at org.apache.catalina.authenticator.AuthenticatorBase.invoke(AuthenticatorBase.java:474)
	at org.apache.catalina.core.StandardHostValve.invoke(StandardHostValve.java:140)
	at org.apache.catalina.valves.ErrorReportValve.invoke(ErrorReportValve.java:79)
	at org.apache.catalina.core.StandardEngineValve.invoke(StandardEngineValve.java:87)
	at org.apache.catalina.connector.CoyoteAdapter.service(CoyoteAdapter.java:349)
	at org.apache.coyote.http11.Http11Processor.service(Http11Processor.java:783)
	at org.apache.coyote.AbstractProcessorLight.process(AbstractProcessorLight.java:66)
	at org.apache.coyote.AbstractProtocol$ConnectionHandler.process(AbstractProtocol.java:798)
	at org.apache.tomcat.util.net.NioEndpoint$SocketProcessor.doRun(NioEndpoint.java:1434)
	at org.apache.tomcat.util.net.SocketProcessorBase.run(SocketProcessorBase.java:49)
	at java.util.concurrent.ThreadPoolExecutor.runWorker(ThreadPoolExecutor.java:1142)
	at java.util.concurrent.ThreadPoolExecutor$Worker.run(ThreadPoolExecutor.java:617)
	at org.apache.tomcat.util.threads.TaskThread$WrappingRunnable.run(TaskThread.java:61)
	at java.lang.Thread.run(Thread.java:748)
Caused by: org.hibernate.QueryException: could not resolve property: Active of: com.ttn.linksharing.User
	at org.hibernate.persister.entity.AbstractPropertyMapping.propertyException(AbstractPropertyMapping.java:62)
	at org.hibernate.persister.entity.AbstractPropertyMapping.toType(AbstractPropertyMapping.java:56)
	at org.hibernate.persister.entity.AbstractEntityPersister.getSubclassPropertyTableNumber(AbstractEntityPersister.java:1831)
	at org.hibernate.persister.entity.BasicEntityPropertyMapping.toColumns(BasicEntityPropertyMapping.java:46)
	at org.hibernate.persister.entity.AbstractEntityPersister.toColumns(AbstractEntityPersister.java:1806)
	at org.hibernate.loader.criteria.CriteriaQueryTranslator.getColumns(CriteriaQueryTranslator.java:510)
	at org.hibernate.loader.criteria.CriteriaQueryTranslator.getColumnsUsingProjection(CriteriaQueryTranslator.java:469)
	at org.hibernate.criterion.Order.toSqlString(Order.java:109)
	at org.hibernate.loader.criteria.CriteriaQueryTranslator.getOrderBy(CriteriaQueryTranslator.java:414)
	at org.hibernate.loader.criteria.CriteriaJoinWalker.<init>(CriteriaJoinWalker.java:106)
	at org.hibernate.loader.criteria.CriteriaJoinWalker.<init>(CriteriaJoinWalker.java:75)
	at org.hibernate.loader.criteria.CriteriaLoader.<init>(CriteriaLoader.java:80)
	at org.hibernate.internal.SessionImpl.list(SessionImpl.java:1773)
	at org.hibernate.internal.CriteriaImpl.list(CriteriaImpl.java:363)
	at grails.orm.PagedResultList.<init>(PagedResultList.java:45)
	at grails.orm.HibernateCriteriaBuilder.createPagedResultList(HibernateCriteriaBuilder.java:161)
	at org.grails.orm.hibernate.query.AbstractHibernateCriteriaBuilder.invokeMethod(AbstractHibernateCriteriaBuilder.java:1684)
	at org.grails.orm.hibernate.query.AbstractHibernateCriteriaBuilder.list(AbstractHibernateCriteriaBuilder.java:1563)
	at org.grails.datastore.mapping.query.api.BuildableCriteria$list$0.call(Unknown Source)
	at com.ttn.linksharing.UserController$$EQJlNgZs.adminPanel(UserController.groovy:87)
	at com.ttn.linksharing.UserController$$DQJlNgZs.__execute(Unknown Source)
	at com.ttn.linksharing.UserController.__execute(UserController.groovy)
	at com.ttn.linksharing.UserController$$EQJlNgZs.adminPanel(UserController.groovy)
	... 65 common frames omitted
ERROR StackTrace - Full Stack Trace:
org.hibernate.QueryException: could not resolve property: Active of: com.ttn.linksharing.User
	at org.hibernate.persister.entity.AbstractPropertyMapping.propertyException(AbstractPropertyMapping.java:62)
	at org.hibernate.persister.entity.AbstractPropertyMapping.toType(AbstractPropertyMapping.java:56)
	at org.hibernate.persister.entity.AbstractEntityPersister.getSubclassPropertyTableNumber(AbstractEntityPersister.java:1831)
	at org.hibernate.persister.entity.BasicEntityPropertyMapping.toColumns(BasicEntityPropertyMapping.java:46)
	at org.hibernate.persister.entity.AbstractEntityPersister.toColumns(AbstractEntityPersister.java:1806)
	at org.hibernate.loader.criteria.CriteriaQueryTranslator.getColumns(CriteriaQueryTranslator.java:510)
	at org.hibernate.loader.criteria.CriteriaQueryTranslator.getColumnsUsingProjection(CriteriaQueryTranslator.java:469)
	at org.hibernate.criterion.Order.toSqlString(Order.java:109)
	at org.hibernate.loader.criteria.CriteriaQueryTranslator.getOrderBy(CriteriaQueryTranslator.java:414)
	at org.hibernate.loader.criteria.CriteriaJoinWalker.<init>(CriteriaJoinWalker.java:106)
	at org.hibernate.loader.criteria.CriteriaJoinWalker.<init>(CriteriaJoinWalker.java:75)
	at org.hibernate.loader.criteria.CriteriaLoader.<init>(CriteriaLoader.java:80)
	at org.hibernate.internal.SessionImpl.list(SessionImpl.java:1773)
	at org.hibernate.internal.CriteriaImpl.list(CriteriaImpl.java:363)
	at grails.orm.PagedResultList.<init>(PagedResultList.java:45)
	at grails.orm.HibernateCriteriaBuilder.createPagedResultList(HibernateCriteriaBuilder.java:161)
	at org.grails.orm.hibernate.query.AbstractHibernateCriteriaBuilder.invokeMethod(AbstractHibernateCriteriaBuilder.java:1684)
	at org.grails.orm.hibernate.query.AbstractHibernateCriteriaBuilder.list(AbstractHibernateCriteriaBuilder.java:1563)
	at org.grails.datastore.mapping.query.api.BuildableCriteria$list$0.call(Unknown Source)
	at com.ttn.linksharing.UserController$$EQJlNgZs.adminPanel(UserController.groovy:87)
	at com.ttn.linksharing.UserController$$DQJlNgZs.__execute(Unknown Source)
	at com.ttn.linksharing.UserController.__execute(UserController.groovy)
	at com.ttn.linksharing.UserController$$EQJlNgZs.adminPanel(UserController.groovy)
	at sun.reflect.NativeMethodAccessorImpl.invoke0(Native Method)
	at sun.reflect.NativeMethodAccessorImpl.invoke(NativeMethodAccessorImpl.java:62)
	at sun.reflect.DelegatingMethodAccessorImpl.invoke(DelegatingMethodAccessorImpl.java:43)
	at java.lang.reflect.Method.invoke(Method.java:498)
	at org.springsource.loaded.ri.ReloadedTypeInvoker$2.invoke(ReloadedTypeInvoker.java:133)
	at org.springsource.loaded.ri.ReflectiveInterceptor.jlrMethodInvoke(ReflectiveInterceptor.java:1461)
	at org.grails.core.DefaultGrailsControllerClass$ReflectionInvoker.invoke(DefaultGrailsControllerClass.java:211)
	at org.grails.core.DefaultGrailsControllerClass.invoke(DefaultGrailsControllerClass.java:188)
	at org.grails.web.mapping.mvc.UrlMappingsInfoHandlerAdapter.handle(UrlMappingsInfoHandlerAdapter.groovy:90)
	at org.springframework.web.servlet.DispatcherServlet.doDispatch(DispatcherServlet.java:963)
	at org.springframework.web.servlet.DispatcherServlet.doService(DispatcherServlet.java:897)
	at org.springframework.web.servlet.FrameworkServlet.processRequest(FrameworkServlet.java:970)
	at org.springframework.web.servlet.FrameworkServlet.doGet(FrameworkServlet.java:861)
	at javax.servlet.http.HttpServlet.service(HttpServlet.java:622)
	at org.springframework.web.servlet.FrameworkServlet.service(FrameworkServlet.java:846)
	at javax.servlet.http.HttpServlet.service(HttpServlet.java:729)
	at org.apache.catalina.core.ApplicationFilterChain.internalDoFilter(ApplicationFilterChain.java:230)
	at org.apache.catalina.core.ApplicationFilterChain.doFilter(ApplicationFilterChain.java:165)
	at org.apache.tomcat.websocket.server.WsFilter.doFilter(WsFilter.java:52)
	at org.apache.catalina.core.ApplicationFilterChain.internalDoFilter(ApplicationFilterChain.java:192)
	at org.apache.catalina.core.ApplicationFilterChain.doFilter(ApplicationFilterChain.java:165)
	at org.springframework.boot.web.filter.ApplicationContextHeaderFilter.doFilterInternal(ApplicationContextHeaderFilter.java:55)
	at org.springframework.web.filter.OncePerRequestFilter.doFilter(OncePerRequestFilter.java:107)
	at org.apache.catalina.core.ApplicationFilterChain.internalDoFilter(ApplicationFilterChain.java:192)
	at org.apache.catalina.core.ApplicationFilterChain.doFilter(ApplicationFilterChain.java:165)
	at org.springframework.boot.actuate.trace.WebRequestTraceFilter.doFilterInternal(WebRequestTraceFilter.java:105)
	at org.springframework.web.filter.OncePerRequestFilter.doFilter(OncePerRequestFilter.java:107)
	at org.apache.catalina.core.ApplicationFilterChain.internalDoFilter(ApplicationFilterChain.java:192)
	at org.apache.catalina.core.ApplicationFilterChain.doFilter(ApplicationFilterChain.java:165)
	at org.grails.web.servlet.mvc.GrailsWebRequestFilter.doFilterInternal(GrailsWebRequestFilter.java:77)
	at org.springframework.web.filter.OncePerRequestFilter.doFilter(OncePerRequestFilter.java:107)
	at org.apache.catalina.core.ApplicationFilterChain.internalDoFilter(ApplicationFilterChain.java:192)
	at org.apache.catalina.core.ApplicationFilterChain.doFilter(ApplicationFilterChain.java:165)
	at org.grails.web.filters.HiddenHttpMethodFilter.doFilterInternal(HiddenHttpMethodFilter.java:67)
	at org.springframework.web.filter.OncePerRequestFilter.doFilter(OncePerRequestFilter.java:107)
	at org.apache.catalina.core.ApplicationFilterChain.internalDoFilter(ApplicationFilterChain.java:192)
	at org.apache.catalina.core.ApplicationFilterChain.doFilter(ApplicationFilterChain.java:165)
	at org.springframework.web.filter.CharacterEncodingFilter.doFilterInternal(CharacterEncodingFilter.java:197)
	at org.springframework.web.filter.OncePerRequestFilter.doFilter(OncePerRequestFilter.java:107)
	at org.apache.catalina.core.ApplicationFilterChain.internalDoFilter(ApplicationFilterChain.java:192)
	at org.apache.catalina.core.ApplicationFilterChain.doFilter(ApplicationFilterChain.java:165)
	at org.springframework.web.filter.CorsFilter.doFilterInternal(CorsFilter.java:96)
	at org.springframework.web.filter.OncePerRequestFilter.doFilter(OncePerRequestFilter.java:107)
	at org.apache.catalina.core.ApplicationFilterChain.internalDoFilter(ApplicationFilterChain.java:192)
	at org.apache.catalina.core.ApplicationFilterChain.doFilter(ApplicationFilterChain.java:165)
	at org.springframework.boot.actuate.autoconfigure.MetricsFilter.doFilterInternal(MetricsFilter.java:106)
	at org.springframework.web.filter.OncePerRequestFilter.doFilter(OncePerRequestFilter.java:107)
	at org.apache.catalina.core.ApplicationFilterChain.internalDoFilter(ApplicationFilterChain.java:192)
	at org.apache.catalina.core.ApplicationFilterChain.doFilter(ApplicationFilterChain.java:165)
	at org.apache.catalina.core.StandardWrapperValve.invoke(StandardWrapperValve.java:198)
	at org.apache.catalina.core.StandardContextValve.invoke(StandardContextValve.java:96)
	at org.apache.catalina.authenticator.AuthenticatorBase.invoke(AuthenticatorBase.java:474)
	at org.apache.catalina.core.StandardHostValve.invoke(StandardHostValve.java:140)
	at org.apache.catalina.valves.ErrorReportValve.invoke(ErrorReportValve.java:79)
	at org.apache.catalina.core.StandardEngineValve.invoke(StandardEngineValve.java:87)
	at org.apache.catalina.connector.CoyoteAdapter.service(CoyoteAdapter.java:349)
	at org.apache.coyote.http11.Http11Processor.service(Http11Processor.java:783)
	at org.apache.coyote.AbstractProcessorLight.process(AbstractProcessorLight.java:66)
	at org.apache.coyote.AbstractProtocol$ConnectionHandler.process(AbstractProtocol.java:798)
	at org.apache.tomcat.util.net.NioEndpoint$SocketProcessor.doRun(NioEndpoint.java:1434)
	at org.apache.tomcat.util.net.SocketProcessorBase.run(SocketProcessorBase.java:49)
	at java.util.concurrent.ThreadPoolExecutor.runWorker(ThreadPoolExecutor.java:1142)
	at java.util.concurrent.ThreadPoolExecutor$Worker.run(ThreadPoolExecutor.java:617)
	at org.apache.tomcat.util.threads.TaskThread$WrappingRunnable.run(TaskThread.java:61)
	at java.lang.Thread.run(Thread.java:748)
ERROR StackTrace - Full Stack Trace:
java.lang.reflect.InvocationTargetException: null
	at org.grails.core.DefaultGrailsControllerClass$ReflectionInvoker.invoke(DefaultGrailsControllerClass.java:211)
	at org.grails.core.DefaultGrailsControllerClass.invoke(DefaultGrailsControllerClass.java:188)
	at org.grails.web.mapping.mvc.UrlMappingsInfoHandlerAdapter.handle(UrlMappingsInfoHandlerAdapter.groovy:90)
	at org.springframework.web.servlet.DispatcherServlet.doDispatch(DispatcherServlet.java:963)
	at org.springframework.web.servlet.DispatcherServlet.doService(DispatcherServlet.java:897)
	at org.springframework.web.servlet.FrameworkServlet.processRequest(FrameworkServlet.java:970)
	at org.springframework.web.servlet.FrameworkServlet.doGet(FrameworkServlet.java:861)
	at org.springframework.web.servlet.FrameworkServlet.service(FrameworkServlet.java:846)
	at org.springframework.boot.web.filter.ApplicationContextHeaderFilter.doFilterInternal(ApplicationContextHeaderFilter.java:55)
	at org.grails.web.servlet.mvc.GrailsWebRequestFilter.doFilterInternal(GrailsWebRequestFilter.java:77)
	at org.grails.web.filters.HiddenHttpMethodFilter.doFilterInternal(HiddenHttpMethodFilter.java:67)
	at java.util.concurrent.ThreadPoolExecutor.runWorker(ThreadPoolExecutor.java:1142)
	at java.util.concurrent.ThreadPoolExecutor$Worker.run(ThreadPoolExecutor.java:617)
	at java.lang.Thread.run(Thread.java:748)
Caused by: org.hibernate.QueryException: could not resolve property: Active of: com.ttn.linksharing.User
	at org.hibernate.persister.entity.AbstractPropertyMapping.propertyException(AbstractPropertyMapping.java:62)
	at org.hibernate.persister.entity.AbstractPropertyMapping.toType(AbstractPropertyMapping.java:56)
	at org.hibernate.persister.entity.AbstractEntityPersister.getSubclassPropertyTableNumber(AbstractEntityPersister.java:1831)
	at org.hibernate.persister.entity.BasicEntityPropertyMapping.toColumns(BasicEntityPropertyMapping.java:46)
	at org.hibernate.persister.entity.AbstractEntityPersister.toColumns(AbstractEntityPersister.java:1806)
	at org.hibernate.loader.criteria.CriteriaQueryTranslator.getColumns(CriteriaQueryTranslator.java:510)
	at org.hibernate.loader.criteria.CriteriaQueryTranslator.getColumnsUsingProjection(CriteriaQueryTranslator.java:469)
	at org.hibernate.criterion.Order.toSqlString(Order.java:109)
	at org.hibernate.loader.criteria.CriteriaQueryTranslator.getOrderBy(CriteriaQueryTranslator.java:414)
	at org.hibernate.loader.criteria.CriteriaJoinWalker.<init>(CriteriaJoinWalker.java:106)
	at org.hibernate.loader.criteria.CriteriaJoinWalker.<init>(CriteriaJoinWalker.java:75)
	at org.hibernate.loader.criteria.CriteriaLoader.<init>(CriteriaLoader.java:80)
	at org.hibernate.internal.SessionImpl.list(SessionImpl.java:1773)
	at org.hibernate.internal.CriteriaImpl.list(CriteriaImpl.java:363)
	at grails.orm.PagedResultList.<init>(PagedResultList.java:45)
	at grails.orm.HibernateCriteriaBuilder.createPagedResultList(HibernateCriteriaBuilder.java:161)
	at org.grails.orm.hibernate.query.AbstractHibernateCriteriaBuilder.invokeMethod(AbstractHibernateCriteriaBuilder.java:1684)
	at org.grails.orm.hibernate.query.AbstractHibernateCriteriaBuilder.list(AbstractHibernateCriteriaBuilder.java:1563)
	at com.ttn.linksharing.UserController$$EQJlNgZs.adminPanel(UserController.groovy:87)
	... 14 common frames omitted
